<?xml version="1.0" encoding="UTF-8"?>
<!-- Generated by org.testng.reporters.JUnitReportReporter -->
<testsuite hostname="FD098" failures="0" tests="1" name="Testng.NewTest" time="9.628" errors="0" timestamp="2020-02-18T13:43:32 IST" skipped="0">
  <testcase classname="Testng.NewTest" name="f" time="9.628"/>
</testsuite> <!-- Testng.NewTest -->
