<?xml version="1.0" encoding="UTF-8"?>
<!-- Generated by org.testng.reporters.JUnitReportReporter -->
<testsuite hostname="FD259" failures="0" tests="1" name="Testng.NewTest" time="7.585" errors="0" timestamp="2020-02-18T15:39:20 IST" skipped="0">
  <testcase classname="Testng.NewTest" name="f" time="7.585"/>
</testsuite> <!-- Testng.NewTest -->
