<?xml version="1.0" encoding="UTF-8"?>
<!-- Generated by org.testng.reporters.JUnitReportReporter -->
<testsuite hostname="FD098" failures="0" tests="2" name="Testng.NewTest" time="7.510" errors="0" timestamp="2020-02-21T10:12:37 IST" skipped="0">
  <testcase classname="Testng.NewTest" name="my" time="0.004"/>
  <testcase classname="Testng.NewTest" name="f" time="7.506"/>
</testsuite> <!-- Testng.NewTest -->
